build/app/intermediates/manifest_merge_blame_file/debug/manifest-merger-blame-debug-report.txt
1<?xml version="1.0" encoding="utf-8"?>
2<manifest xmlns:android="http://schemas.android.com/apk/res/android"
3    package="com.example.dbdummy"
4    android:versionCode="1"
5    android:versionName="1.0.0" >
6
7    <uses-sdk
8        android:minSdkVersion="16"
9        android:targetSdkVersion="28" />
10    <!--
11         Flutter needs it to communicate with the running application
12         to allow setting breakpoints, to provide hot reload, etc.
13    -->
14    <uses-permission android:name="android.permission.INTERNET" />
14-->src/debug/AndroidManifest.xml:6:5-66
14-->src/debug/AndroidManifest.xml:6:22-64
15    <uses-permission android:name="android.permission.READ_EXTERNAL_STORAGE" />
15-->[:image_picker] AndroidManifest.xml:7:5-80
15-->[:image_picker] AndroidManifest.xml:7:22-77
16    <uses-permission android:name="android.permission.WRITE_EXTERNAL_STORAGE" />
16-->[:image_picker] AndroidManifest.xml:8:5-81
16-->[:image_picker] AndroidManifest.xml:8:22-78
17    <uses-permission android:name="android.permission.ACCESS_NETWORK_STATE" />
17-->[:connectivity] AndroidManifest.xml:7:5-79
17-->[:connectivity] AndroidManifest.xml:7:22-76
18    <uses-permission android:name="android.permission.ACCESS_WIFI_STATE" />
18-->[:connectivity] AndroidManifest.xml:8:5-76
18-->[:connectivity] AndroidManifest.xml:8:22-73
19    <uses-permission android:name="android.permission.WAKE_LOCK" />
19-->[com.google.android.gms:play-services-measurement:17.2.2] AndroidManifest.xml:25:5-68
19-->[com.google.android.gms:play-services-measurement:17.2.2] AndroidManifest.xml:25:22-65
20    <uses-permission android:name="com.google.android.finsky.permission.BIND_GET_INSTALL_REFERRER_SERVICE" /> <!-- Required by older versions of Google Play services to create IID tokens -->
20-->[com.google.android.gms:play-services-measurement:17.2.2] AndroidManifest.xml:26:5-110
20-->[com.google.android.gms:play-services-measurement:17.2.2] AndroidManifest.xml:26:22-107
21    <uses-permission android:name="com.google.android.c2dm.permission.RECEIVE" />
21-->[com.google.firebase:firebase-iid:20.0.2] AndroidManifest.xml:26:5-82
21-->[com.google.firebase:firebase-iid:20.0.2] AndroidManifest.xml:26:22-79
22    <!--
23 io.flutter.app.FlutterApplication is an android.app.Application that
24         calls FlutterMain.startInitialization(this); in its onCreate method.
25         In most cases you can leave this as-is, but you if you want to provide
26         additional functionality it is fine to subclass or reimplement
27         FlutterApplication and put your custom class here.
28    -->
29    <application
29-->src/main/AndroidManifest.xml:8:5-30:19
30        android:name="io.flutter.app.FlutterApplication"
30-->src/main/AndroidManifest.xml:9:9-57
31        android:appComponentFactory="androidx.core.app.CoreComponentFactory"
31-->[androidx.core:core:1.1.0] AndroidManifest.xml:24:18-86
32        android:debuggable="true"
33        android:icon="@mipmap/ic_launcher"
33-->src/main/AndroidManifest.xml:11:9-43
34        android:label="dbdummy" >
34-->src/main/AndroidManifest.xml:10:9-32
35        <activity
35-->src/main/AndroidManifest.xml:12:9-23:20
36            android:name="com.example.dbdummy.MainActivity"
36-->src/main/AndroidManifest.xml:13:13-41
37            android:configChanges="orientation|keyboardHidden|keyboard|screenSize|smallestScreenSize|locale|layoutDirection|fontScale|screenLayout|density|uiMode"
37-->src/main/AndroidManifest.xml:16:13-163
38            android:hardwareAccelerated="true"
38-->src/main/AndroidManifest.xml:17:13-47
39            android:launchMode="singleTop"
39-->src/main/AndroidManifest.xml:14:13-43
40            android:theme="@style/LaunchTheme"
40-->src/main/AndroidManifest.xml:15:13-47
41            android:windowSoftInputMode="adjustResize" >
41-->src/main/AndroidManifest.xml:18:13-55
42            <intent-filter>
42-->src/main/AndroidManifest.xml:19:13-22:29
43                <action android:name="android.intent.action.MAIN" />
43-->src/main/AndroidManifest.xml:20:17-68
43-->src/main/AndroidManifest.xml:20:25-66
44
45                <category android:name="android.intent.category.LAUNCHER" />
45-->src/main/AndroidManifest.xml:21:17-76
45-->src/main/AndroidManifest.xml:21:27-74
46            </intent-filter>
47        </activity>
48        <!--
49             Don't delete the meta-data below.
50             This is used by the Flutter tool to generate GeneratedPluginRegistrant.java
51        -->
52        <meta-data
52-->src/main/AndroidManifest.xml:26:9-28:33
53            android:name="flutterEmbedding"
53-->src/main/AndroidManifest.xml:27:13-44
54            android:value="2" />
54-->src/main/AndroidManifest.xml:28:13-30
55
56        <provider
56-->[:image_picker] AndroidManifest.xml:11:9-19:20
57            android:name="io.flutter.plugins.imagepicker.ImagePickerFileProvider"
57-->[:image_picker] AndroidManifest.xml:12:13-82
58            android:authorities="com.example.dbdummy.flutter.image_provider"
58-->[:image_picker] AndroidManifest.xml:13:13-74
59            android:exported="false"
59-->[:image_picker] AndroidManifest.xml:14:13-37
60            android:grantUriPermissions="true" >
60-->[:image_picker] AndroidManifest.xml:15:13-47
61            <meta-data
61-->[:image_picker] AndroidManifest.xml:16:13-18:75
62                android:name="android.support.FILE_PROVIDER_PATHS"
62-->[:image_picker] AndroidManifest.xml:17:17-67
63                android:resource="@xml/flutter_image_picker_file_paths" />
63-->[:image_picker] AndroidManifest.xml:18:17-72
64        </provider>
65
66        <service
66-->[:cloud_firestore] AndroidManifest.xml:8:9-12:19
67            android:name="com.google.firebase.components.ComponentDiscoveryService"
67-->[:cloud_firestore] AndroidManifest.xml:8:18-89
68            android:directBootAware="true"
68-->[com.google.firebase:firebase-common:19.3.0] AndroidManifest.xml:34:13-43
69            android:exported="false" >
69-->[com.google.firebase:firebase-auth:19.2.0] AndroidManifest.xml:35:13-37
70            <meta-data
70-->[:cloud_firestore] AndroidManifest.xml:9:13-11:85
71                android:name="com.google.firebase.components:io.flutter.plugins.firebase.cloudfirestore.FlutterFirebaseAppRegistrar"
71-->[:cloud_firestore] AndroidManifest.xml:10:17-133
72                android:value="com.google.firebase.components.ComponentRegistrar" />
72-->[:cloud_firestore] AndroidManifest.xml:11:17-82
73            <meta-data
73-->[:firebase_auth] AndroidManifest.xml:9:13-11:85
74                android:name="com.google.firebase.components:io.flutter.plugins.firebaseauth.FlutterFirebaseAppRegistrar"
74-->[:firebase_auth] AndroidManifest.xml:10:17-122
75                android:value="com.google.firebase.components.ComponentRegistrar" />
75-->[:firebase_auth] AndroidManifest.xml:11:17-82
76            <meta-data
76-->[:firebase_storage] AndroidManifest.xml:9:13-11:85
77                android:name="com.google.firebase.components:io.flutter.plugins.firebase.storage.FlutterFirebaseAppRegistrar"
77-->[:firebase_storage] AndroidManifest.xml:10:17-126
78                android:value="com.google.firebase.components.ComponentRegistrar" />
78-->[:firebase_storage] AndroidManifest.xml:11:17-82
79            <meta-data
79-->[:firebase_core] AndroidManifest.xml:9:13-11:85
80                android:name="com.google.firebase.components:io.flutter.plugins.firebase.core.FlutterFirebaseAppRegistrar"
80-->[:firebase_core] AndroidManifest.xml:10:17-123
81                android:value="com.google.firebase.components.ComponentRegistrar" />
81-->[:firebase_core] AndroidManifest.xml:11:17-82
82            <meta-data
82-->[:firebase_messaging] AndroidManifest.xml:14:13-16:85
83                android:name="com.google.firebase.components:io.flutter.plugins.firebasemessaging.FlutterFirebaseAppRegistrar"
83-->[:firebase_messaging] AndroidManifest.xml:15:17-127
84                android:value="com.google.firebase.components.ComponentRegistrar" />
84-->[:firebase_messaging] AndroidManifest.xml:16:17-82
85            <meta-data
85-->[com.google.firebase:firebase-auth:19.2.0] AndroidManifest.xml:36:13-38:85
86                android:name="com.google.firebase.components:com.google.firebase.auth.FirebaseAuthRegistrar"
86-->[com.google.firebase:firebase-auth:19.2.0] AndroidManifest.xml:37:17-109
87                android:value="com.google.firebase.components.ComponentRegistrar" />
87-->[com.google.firebase:firebase-auth:19.2.0] AndroidManifest.xml:38:17-82
88            <meta-data
88-->[com.google.android.gms:play-services-measurement-api:17.2.2] AndroidManifest.xml:30:13-32:85
89                android:name="com.google.firebase.components:com.google.firebase.analytics.connector.internal.AnalyticsConnectorRegistrar"
89-->[com.google.android.gms:play-services-measurement-api:17.2.2] AndroidManifest.xml:31:17-139
90                android:value="com.google.firebase.components.ComponentRegistrar" />
90-->[com.google.android.gms:play-services-measurement-api:17.2.2] AndroidManifest.xml:32:17-82
91            <meta-data
91-->[com.google.firebase:firebase-firestore:21.3.0] AndroidManifest.xml:20:13-22:85
92                android:name="com.google.firebase.components:com.google.firebase.firestore.FirestoreRegistrar"
92-->[com.google.firebase:firebase-firestore:21.3.0] AndroidManifest.xml:21:17-111
93                android:value="com.google.firebase.components.ComponentRegistrar" />
93-->[com.google.firebase:firebase-firestore:21.3.0] AndroidManifest.xml:22:17-82
94            <meta-data
94-->[com.google.firebase:firebase-storage:17.0.0] AndroidManifest.xml:31:13-33:85
95                android:name="com.google.firebase.components:com.google.firebase.storage.StorageRegistrar"
95-->[com.google.firebase:firebase-storage:17.0.0] AndroidManifest.xml:32:17-107
96                android:value="com.google.firebase.components.ComponentRegistrar" />
96-->[com.google.firebase:firebase-storage:17.0.0] AndroidManifest.xml:33:17-82
97            <meta-data
97-->[com.google.firebase:firebase-iid:20.0.2] AndroidManifest.xml:32:13-34:85
98                android:name="com.google.firebase.components:com.google.firebase.iid.Registrar"
98-->[com.google.firebase:firebase-iid:20.0.2] AndroidManifest.xml:33:17-96
99                android:value="com.google.firebase.components.ComponentRegistrar" />
99-->[com.google.firebase:firebase-iid:20.0.2] AndroidManifest.xml:34:17-82
100        </service>
101        <service android:name="io.flutter.plugins.firebasemessaging.FlutterFirebaseMessagingService" >
101-->[:firebase_messaging] AndroidManifest.xml:8:9-12:19
101-->[:firebase_messaging] AndroidManifest.xml:8:18-101
102            <intent-filter>
102-->[:firebase_messaging] AndroidManifest.xml:9:13-11:29
103                <action android:name="com.google.firebase.MESSAGING_EVENT" />
103-->[:firebase_messaging] AndroidManifest.xml:10:17-78
103-->[:firebase_messaging] AndroidManifest.xml:10:25-75
104            </intent-filter>
105        </service>
106
107        <provider
107-->[:esys_flutter_share] AndroidManifest.xml:8:9-16:20
108            android:name="de.esys.esysfluttershare.EsysFlutterShareFileProvider"
108-->[:esys_flutter_share] AndroidManifest.xml:9:13-81
109            android:authorities="com.example.dbdummy.fileprovider.github.com/orgs/esysberlin/esys-flutter-share"
109-->[:esys_flutter_share] AndroidManifest.xml:10:13-110
110            android:exported="false"
110-->[:esys_flutter_share] AndroidManifest.xml:11:13-37
111            android:grantUriPermissions="true" >
111-->[:esys_flutter_share] AndroidManifest.xml:12:13-47
112            <meta-data
112-->[:image_picker] AndroidManifest.xml:16:13-18:75
113                android:name="android.support.FILE_PROVIDER_PATHS"
113-->[:image_picker] AndroidManifest.xml:17:17-67
114                android:resource="@xml/esys_flutter_share_filepaths" />
114-->[:image_picker] AndroidManifest.xml:18:17-72
115        </provider>
116
117        <activity
117-->[com.google.firebase:firebase-auth:19.2.0] AndroidManifest.xml:24:9-31:50
118            android:name="com.google.firebase.auth.internal.FederatedSignInActivity"
118-->[com.google.firebase:firebase-auth:19.2.0] AndroidManifest.xml:25:13-85
119            android:excludeFromRecents="true"
119-->[com.google.firebase:firebase-auth:19.2.0] AndroidManifest.xml:26:13-46
120            android:exported="true"
120-->[com.google.firebase:firebase-auth:19.2.0] AndroidManifest.xml:27:13-36
121            android:launchMode="singleTask"
121-->[com.google.firebase:firebase-auth:19.2.0] AndroidManifest.xml:28:13-44
122            android:permission="com.google.firebase.auth.api.gms.permission.LAUNCH_FEDERATED_SIGN_IN"
122-->[com.google.firebase:firebase-auth:19.2.0] AndroidManifest.xml:29:13-102
123            android:theme="@android:style/Theme.Translucent.NoTitleBar" />
123-->[com.google.firebase:firebase-auth:19.2.0] AndroidManifest.xml:30:13-72
124
125        <receiver
125-->[com.google.android.gms:play-services-measurement:17.2.2] AndroidManifest.xml:29:9-33:20
126            android:name="com.google.android.gms.measurement.AppMeasurementReceiver"
126-->[com.google.android.gms:play-services-measurement:17.2.2] AndroidManifest.xml:30:13-85
127            android:enabled="true"
127-->[com.google.android.gms:play-services-measurement:17.2.2] AndroidManifest.xml:31:13-35
128            android:exported="false" >
128-->[com.google.android.gms:play-services-measurement:17.2.2] AndroidManifest.xml:32:13-37
129        </receiver>
130        <receiver
130-->[com.google.android.gms:play-services-measurement:17.2.2] AndroidManifest.xml:34:9-42:20
131            android:name="com.google.android.gms.measurement.AppMeasurementInstallReferrerReceiver"
131-->[com.google.android.gms:play-services-measurement:17.2.2] AndroidManifest.xml:35:13-100
132            android:enabled="true"
132-->[com.google.android.gms:play-services-measurement:17.2.2] AndroidManifest.xml:36:13-35
133            android:exported="true"
133-->[com.google.android.gms:play-services-measurement:17.2.2] AndroidManifest.xml:37:13-36
134            android:permission="android.permission.INSTALL_PACKAGES" >
134-->[com.google.android.gms:play-services-measurement:17.2.2] AndroidManifest.xml:38:13-69
135            <intent-filter>
135-->[com.google.android.gms:play-services-measurement:17.2.2] AndroidManifest.xml:39:13-41:29
136                <action android:name="com.android.vending.INSTALL_REFERRER" />
136-->[com.google.android.gms:play-services-measurement:17.2.2] AndroidManifest.xml:40:17-79
136-->[com.google.android.gms:play-services-measurement:17.2.2] AndroidManifest.xml:40:25-76
137            </intent-filter>
138        </receiver>
139
140        <service
140-->[com.google.android.gms:play-services-measurement:17.2.2] AndroidManifest.xml:44:9-47:40
141            android:name="com.google.android.gms.measurement.AppMeasurementService"
141-->[com.google.android.gms:play-services-measurement:17.2.2] AndroidManifest.xml:45:13-84
142            android:enabled="true"
142-->[com.google.android.gms:play-services-measurement:17.2.2] AndroidManifest.xml:46:13-35
143            android:exported="false" />
143-->[com.google.android.gms:play-services-measurement:17.2.2] AndroidManifest.xml:47:13-37
144        <service
144-->[com.google.android.gms:play-services-measurement:17.2.2] AndroidManifest.xml:48:9-52:72
145            android:name="com.google.android.gms.measurement.AppMeasurementJobService"
145-->[com.google.android.gms:play-services-measurement:17.2.2] AndroidManifest.xml:49:13-87
146            android:enabled="true"
146-->[com.google.android.gms:play-services-measurement:17.2.2] AndroidManifest.xml:50:13-35
147            android:exported="false"
147-->[com.google.android.gms:play-services-measurement:17.2.2] AndroidManifest.xml:51:13-37
148            android:permission="android.permission.BIND_JOB_SERVICE" />
148-->[com.google.android.gms:play-services-measurement:17.2.2] AndroidManifest.xml:52:13-69
149        <!--
150             FirebaseMessagingService performs security checks at runtime,
151             but set to not exported to explicitly avoid allowing another app to call it.
152        -->
153        <service
153-->[com.google.firebase:firebase-messaging:20.0.1] AndroidManifest.xml:28:9-34:19
154            android:name="com.google.firebase.messaging.FirebaseMessagingService"
154-->[com.google.firebase:firebase-messaging:20.0.1] AndroidManifest.xml:29:13-82
155            android:exported="false" >
155-->[com.google.firebase:firebase-messaging:20.0.1] AndroidManifest.xml:30:13-37
156            <intent-filter android:priority="-500" >
156-->[:firebase_messaging] AndroidManifest.xml:9:13-11:29
157                <action android:name="com.google.firebase.MESSAGING_EVENT" />
157-->[:firebase_messaging] AndroidManifest.xml:10:17-78
157-->[:firebase_messaging] AndroidManifest.xml:10:25-75
158            </intent-filter>
159        </service>
160
161        <receiver
161-->[com.google.firebase:firebase-iid:20.0.2] AndroidManifest.xml:37:9-44:20
162            android:name="com.google.firebase.iid.FirebaseInstanceIdReceiver"
162-->[com.google.firebase:firebase-iid:20.0.2] AndroidManifest.xml:38:13-78
163            android:exported="true"
163-->[com.google.firebase:firebase-iid:20.0.2] AndroidManifest.xml:39:13-36
164            android:permission="com.google.android.c2dm.permission.SEND" >
164-->[com.google.firebase:firebase-iid:20.0.2] AndroidManifest.xml:40:13-73
165            <intent-filter>
165-->[com.google.firebase:firebase-iid:20.0.2] AndroidManifest.xml:41:13-43:29
166                <action android:name="com.google.android.c2dm.intent.RECEIVE" />
166-->[com.google.firebase:firebase-iid:20.0.2] AndroidManifest.xml:42:17-81
166-->[com.google.firebase:firebase-iid:20.0.2] AndroidManifest.xml:42:25-78
167            </intent-filter>
168        </receiver>
169
170        <provider
170-->[com.google.firebase:firebase-common:19.3.0] AndroidManifest.xml:26:9-30:39
171            android:name="com.google.firebase.provider.FirebaseInitProvider"
171-->[com.google.firebase:firebase-common:19.3.0] AndroidManifest.xml:27:13-77
172            android:authorities="com.example.dbdummy.firebaseinitprovider"
172-->[com.google.firebase:firebase-common:19.3.0] AndroidManifest.xml:28:13-72
173            android:exported="false"
173-->[com.google.firebase:firebase-common:19.3.0] AndroidManifest.xml:29:13-37
174            android:initOrder="100" />
174-->[com.google.firebase:firebase-common:19.3.0] AndroidManifest.xml:30:13-36
175
176        <activity
176-->[com.google.android.gms:play-services-auth:16.0.1] AndroidManifest.xml:23:9-27:75
177            android:name="com.google.android.gms.auth.api.signin.internal.SignInHubActivity"
177-->[com.google.android.gms:play-services-auth:16.0.1] AndroidManifest.xml:24:13-93
178            android:excludeFromRecents="true"
178-->[com.google.android.gms:play-services-auth:16.0.1] AndroidManifest.xml:25:13-46
179            android:exported="false"
179-->[com.google.android.gms:play-services-auth:16.0.1] AndroidManifest.xml:26:13-37
180            android:theme="@android:style/Theme.Translucent.NoTitleBar" />
180-->[com.google.android.gms:play-services-auth:16.0.1] AndroidManifest.xml:27:13-72
181        <!--
182            Service handling Google Sign-In user revocation. For apps that do not integrate with
183            Google Sign-In, this service will never be started.
184        -->
185        <service
185-->[com.google.android.gms:play-services-auth:16.0.1] AndroidManifest.xml:33:9-36:110
186            android:name="com.google.android.gms.auth.api.signin.RevocationBoundService"
186-->[com.google.android.gms:play-services-auth:16.0.1] AndroidManifest.xml:34:13-89
187            android:exported="true"
187-->[com.google.android.gms:play-services-auth:16.0.1] AndroidManifest.xml:35:13-36
188            android:permission="com.google.android.gms.auth.api.signin.permission.REVOCATION_NOTIFICATION" />
188-->[com.google.android.gms:play-services-auth:16.0.1] AndroidManifest.xml:36:13-107
189
190        <activity
190-->[com.google.android.gms:play-services-base:17.1.0] AndroidManifest.xml:23:9-26:75
191            android:name="com.google.android.gms.common.api.GoogleApiActivity"
191-->[com.google.android.gms:play-services-base:17.1.0] AndroidManifest.xml:24:13-79
192            android:exported="false"
192-->[com.google.android.gms:play-services-base:17.1.0] AndroidManifest.xml:25:13-37
193            android:theme="@android:style/Theme.Translucent.NoTitleBar" />
193-->[com.google.android.gms:play-services-base:17.1.0] AndroidManifest.xml:26:13-72
194
195        <meta-data
195-->[com.google.android.gms:play-services-basement:17.0.0] AndroidManifest.xml:23:9-25:69
196            android:name="com.google.android.gms.version"
196-->[com.google.android.gms:play-services-basement:17.0.0] AndroidManifest.xml:24:13-58
197            android:value="@integer/google_play_services_version" />
197-->[com.google.android.gms:play-services-basement:17.0.0] AndroidManifest.xml:25:13-66
198    </application>
199
200</manifest>